[     898ms] [ERROR] Failed to load resource: the server responded with a status of 404 () @ https://platform-mocha-chi.vercel.app/ko:0
[    1262ms] [ERROR] HierarchyRequestError: Failed to execute 'appendChild' on 'Node': Only one element on document allowed.
    at e (https://platform-mocha-chi.vercel.app/_next/static/chunks/fd9d1056-f5ca11604835b0e5.js:1:84278)
    at e (https://platform-mocha-chi.vercel.app/_next/static/chunks/fd9d1056-f5ca11604835b0e5.js:1:84437)
    at e (https://platform-mocha-chi.vercel.app/_next/static/chunks/fd9d1056-f5ca11604835b0e5.js:1:84437)
    at e (https://platform-mocha-chi.vercel.app/_next/static/chunks/fd9d1056-f5ca11604835b0e5.js:1:84406)
    at e (https://platform-mocha-chi.vercel.app/_next/static/chunks/fd9d1056-f5ca11604835b0e5.js:1:84406)
    at e (https://platform-mocha-chi.vercel.app/_next/static/chunks/fd9d1056-f5ca11604835b0e5.js:1:84406)
    at e (https://platform-mocha-chi.vercel.app/_next/static/chunks/fd9d1056-f5ca11604835b0e5.js:1:84406)
    at e (https://platform-mocha-chi.vercel.app/_next/static/chunks/fd9d1056-f5ca11604835b0e5.js:1:84406)
    at e (https://platform-mocha-chi.vercel.app/_next/static/chunks/fd9d1056-f5ca11604835b0e5.js:1:84406)
    at e (https://platform-mocha-chi.vercel.app/_next/static/chunks/fd9d1056-f5ca11604835b0e5.js:1:84406) @ https://platform-mocha-chi.vercel.app/_next/static/chunks/23-f7b787bfaff760d8.js:0
[    1262ms] [ERROR] NotFoundError: Failed to execute 'removeChild' on 'Node': The node to be removed is not a child of this node.
    at a2 (https://platform-mocha-chi.vercel.app/_next/static/chunks/fd9d1056-f5ca11604835b0e5.js:1:76618)
    at a1 (https://platform-mocha-chi.vercel.app/_next/static/chunks/fd9d1056-f5ca11604835b0e5.js:1:76042)
    at a2 (https://platform-mocha-chi.vercel.app/_next/static/chunks/fd9d1056-f5ca11604835b0e5.js:1:77355)
    at a1 (https://platform-mocha-chi.vercel.app/_next/static/chunks/fd9d1056-f5ca11604835b0e5.js:1:76042)
    at a2 (https://platform-mocha-chi.vercel.app/_next/static/chunks/fd9d1056-f5ca11604835b0e5.js:1:77323)
    at a1 (https://platform-mocha-chi.vercel.app/_next/static/chunks/fd9d1056-f5ca11604835b0e5.js:1:76042)
    at a2 (https://platform-mocha-chi.vercel.app/_next/static/chunks/fd9d1056-f5ca11604835b0e5.js:1:77131)
    at a1 (https://platform-mocha-chi.vercel.app/_next/static/chunks/fd9d1056-f5ca11604835b0e5.js:1:76042)
    at a2 (https://platform-mocha-chi.vercel.app/_next/static/chunks/fd9d1056-f5ca11604835b0e5.js:1:77131)
    at a1 (https://platform-mocha-chi.vercel.app/_next/static/chunks/fd9d1056-f5ca11604835b0e5.js:1:76042) @ https://platform-mocha-chi.vercel.app/_next/static/chunks/23-f7b787bfaff760d8.js:0
[    1266ms] AggregateError
    at nb (https://platform-mocha-chi.vercel.app/_next/static/chunks/fd9d1056-f5ca11604835b0e5.js:1:27116)
    at https://platform-mocha-chi.vercel.app/_next/static/chunks/fd9d1056-f5ca11604835b0e5.js:1:108297
    at is (https://platform-mocha-chi.vercel.app/_next/static/chunks/fd9d1056-f5ca11604835b0e5.js:1:108305)
    at o1 (https://platform-mocha-chi.vercel.app/_next/static/chunks/fd9d1056-f5ca11604835b0e5.js:1:92997)
    at oZ (https://platform-mocha-chi.vercel.app/_next/static/chunks/fd9d1056-f5ca11604835b0e5.js:1:92152)
    at MessagePort.T (https://platform-mocha-chi.vercel.app/_next/static/chunks/23-f7b787bfaff760d8.js:1:83611)
[    2149ms] [ERROR] Failed to load resource: the server responded with a status of 404 () @ https://platform-mocha-chi.vercel.app/favicon.ico:0
